[info]-2017/3/19 10:36:23
testInfo
[warn]-2017/3/19 10:36:23
testWarn
[error]-2017/3/19 10:36:23
testError
[fatal]-2017/3/19 10:36:23
testFatal
[Info]-2017/3/19 12:52:57
testInfo
[Warn]-2017/3/19 12:52:57
testWarn
[Error]-2017/3/19 12:52:57
testError
[Fatal]-2017/3/19 12:52:57
testFatal
[Info]-2017/3/19 13:23:50
testInfo
[Warn]-2017/3/19 13:23:50
testWarn
[Error]-2017/3/19 13:23:50
testError
[Fatal]-2017/3/19 13:23:50
testFatal
[Info]-2017/3/19 13:24:07
testInfo
[Warn]-2017/3/19 13:24:07
testWarn
[Error]-2017/3/19 13:24:07
testError
[Fatal]-2017/3/19 13:24:07
testFatal
[Info]-2017/3/19 13:25:37
testInfo
[Warn]-2017/3/19 13:25:37
testWarn
[Error]-2017/3/19 13:25:37
testError
[Fatal]-2017/3/19 13:25:37
testFatal
[Info]-2017/3/19 13:29:37
testInfo
[Warn]-2017/3/19 13:29:37
testWarn
[Error]-2017/3/19 13:29:37
testError
[Fatal]-2017/3/19 13:29:37
testFatal
[Warn]-2017/3/19 13:33:57
testInfo
[Warn]-2017/3/19 13:33:57
testWarn
[Error]-2017/3/19 13:33:57
testError
[Fatal]-2017/3/19 13:33:57
testFatal
[Info]-2017/3/19 13:36:45
testInfo
[Warn]-2017/3/19 13:36:45
testWarn
[Error]-2017/3/19 13:36:45
testError
[Fatal]-2017/3/19 13:36:45
testFatal
[Info]-2017/3/19 13:37:40
testInfo
[Warn]-2017/3/19 13:37:40
testWarn
[Error]-2017/3/19 13:37:40
testError
[Fatal]-2017/3/19 13:37:40
testFatal
[Info]-2017/3/19 13:38:22
testInfo
[Warn]-2017/3/19 13:38:22
testWarn
[Error]-2017/3/19 13:38:22
testError
[Fatal]-2017/3/19 13:38:22
testFatal
[Info]-2017/3/19 13:41:03
testInfo
[Warn]-2017/3/19 13:41:03
testWarn
[Error]-2017/3/19 13:41:03
testError
[Fatal]-2017/3/19 13:41:03
testFatal
[Info]-2017/3/19 13:41:31
testInfo
[Warn]-2017/3/19 13:41:31
testWarn
[Info]-2017/3/19 13:41:31
testInfo
[Info]-2017/3/19 13:41:31
testInfo
[Info]-2017/3/19 13:41:31
testInfo
[Error]-2017/3/19 13:41:31
testError
[Fatal]-2017/3/19 13:41:31
testFatal
[Info]-2017/3/19 13:41:31
testInfo
[Info]-2017/3/19 14:16:27
testInfo
[Warn]-2017/3/19 14:16:27
testWarn
[Info]-2017/3/19 14:16:27
testInfo
[Info]-2017/3/19 14:16:27
testInfo
[Info]-2017/3/19 14:16:27
testInfo
[Error]-2017/3/19 14:16:27
testError
[Fatal]-2017/3/19 14:16:27
testFatal
[Info]-2017/3/19 14:16:27
testInfo
[Info]-2017/3/19 14:18:24
testInfo
[Warn]-2017/3/19 14:18:24
testWarn
[Info]-2017/3/19 14:18:24
testInfo
[Info]-2017/3/19 14:18:24
testInfo
[Info]-2017/3/19 14:18:24
testInfo
[Error]-2017/3/19 14:18:24
testError
[Fatal]-2017/3/19 14:18:24
testFatal
[Info]-2017/3/19 14:18:24
testInfo
